<?xml version="1.0" encoding="UTF-8"?>
<testng-results ignored="0" total="2" passed="2" failed="0" skipped="0">
  <reporter-output>
    <line>
      <![CDATA[cancelAppointment]]>
    </line>
    <line>
      <![CDATA[requestAppointment]]>
    </line>
  </reporter-output>
  <suite started-at="2025-09-24T09:37:41 IST" name="Suite" finished-at="2025-09-24T09:37:41 IST" duration-ms="70">
    <groups>
    </groups>
    <test started-at="2025-09-24T09:37:41 IST" name="Test" finished-at="2025-09-24T09:37:41 IST" duration-ms="70">
      <class name="com.apollo.testscript.AppointmentModule">
        <test-method signature="cancelAppointment()[pri:0, instance:com.apollo.testscript.AppointmentModule@41a0aa7d]" started-at="2025-09-24T09:37:41 IST" name="cancelAppointment" finished-at="2025-09-24T09:37:41 IST" duration-ms="10" status="PASS">
          <reporter-output>
            <line>
              <![CDATA[cancelAppointment]]>
            </line>
          </reporter-output>
        </test-method> <!-- cancelAppointment -->
        <test-method signature="requestAppointment()[pri:0, instance:com.apollo.testscript.AppointmentModule@41a0aa7d]" started-at="2025-09-24T09:37:41 IST" name="requestAppointment" finished-at="2025-09-24T09:37:41 IST" duration-ms="2" status="PASS">
          <reporter-output>
            <line>
              <![CDATA[requestAppointment]]>
            </line>
          </reporter-output>
        </test-method> <!-- requestAppointment -->
      </class> <!-- com.apollo.testscript.AppointmentModule -->
    </test> <!-- Test -->
  </suite> <!-- Suite -->
</testng-results>
