<?xml version="1.0" encoding="UTF-8"?>
<testng-results ignored="0" total="1" passed="1" failed="0" skipped="0">
  <reporter-output>
    <line>
      <![CDATA[requestAppointment]]>
    </line>
  </reporter-output>
  <suite started-at="2025-09-22T09:24:10 IST" name="Suite" finished-at="2025-09-22T09:24:10 IST" duration-ms="67">
    <groups>
    </groups>
    <test started-at="2025-09-22T09:24:10 IST" name="Test" finished-at="2025-09-22T09:24:10 IST" duration-ms="67">
      <class name="com.apollo.testscript.AppointmentModule">
        <test-method signature="requestAppointment()[pri:0, instance:com.apollo.testscript.AppointmentModule@e350b40]" started-at="2025-09-22T09:24:10 IST" name="requestAppointment" finished-at="2025-09-22T09:24:10 IST" duration-ms="10" status="PASS">
          <reporter-output>
            <line>
              <![CDATA[requestAppointment]]>
            </line>
          </reporter-output>
        </test-method> <!-- requestAppointment -->
      </class> <!-- com.apollo.testscript.AppointmentModule -->
    </test> <!-- Test -->
  </suite> <!-- Suite -->
</testng-results>
